<?xml version="1.0" encoding="UTF-8"?>
<!-- Generated by org.testng.reporters.JUnitReportReporter -->
<testsuite hostname="LAPTOP-AG8IO77N" name="GmailMaven.GmailMavenScm.GmailLogin" tests="1" failures="0" timestamp="27 Dec 2016 00:51:04 GMT" time="17.020" errors="0">
  <testcase name="LoginTest" time="17.020" classname="GmailMaven.GmailMavenScm.GmailLogin"/>
</testsuite> <!-- GmailMaven.GmailMavenScm.GmailLogin -->
