<?xml version="1.0" encoding="UTF-8"?>
<!-- Generated by org.testng.reporters.JUnitReportReporter -->
<testsuite hostname="LAPTOP-AG8IO77N" name="GmailMaven.GmailMavenScm.GmailLogin" tests="1" failures="0" timestamp="26 Dec 2016 23:09:06 GMT" time="5.399" errors="0">
  <testcase name="LoginTest" time="5.399" classname="GmailMaven.GmailMavenScm.GmailLogin"/>
</testsuite> <!-- GmailMaven.GmailMavenScm.GmailLogin -->
